<?xml version="1.0" encoding="UTF-8"?>
<testng-results skipped="0" failed="0" ignored="0" total="3" passed="3">
  <reporter-output>
    <line>
      <![CDATA[Login To the App]]>
    </line>
    <line>
      <![CDATA[Enter the value into User Name Text Box]]>
    </line>
    <line>
      <![CDATA[Enter the value into Password Text Box]]>
    </line>
    <line>
      <![CDATA[Verify Sign In Button is Clickable or Not]]>
    </line>
    <line>
      <![CDATA[Succesfully Logged In]]>
    </line>
    <line>
      <![CDATA[Verify Task Tab is Clickable or Not]]>
    </line>
    <line>
      <![CDATA[Verify Task Tab is Clickable or Not]]>
    </line>
    <line>
      <![CDATA[Verify Create New Customer Button is Clickable or Not]]>
    </line>
    <line>
      <![CDATA[Enter the value into Customer Name Text Box]]>
    </line>
    <line>
      <![CDATA[-------------Scrolling till the Element------------]]>
    </line>
    <line>
      <![CDATA[Verify Create Customer Button is Clickable or Not]]>
    </line>
    <line>
      <![CDATA[Login To the App]]>
    </line>
    <line>
      <![CDATA[Enter the value into User Name Text Box]]>
    </line>
    <line>
      <![CDATA[Enter the value into Password Text Box]]>
    </line>
    <line>
      <![CDATA[Verify Sign In Button is Clickable or Not]]>
    </line>
    <line>
      <![CDATA[Succesfully Logged In]]>
    </line>
    <line>
      <![CDATA[Verify Task Tab is Clickable or Not]]>
    </line>
    <line>
      <![CDATA[Verify Task Tab is Clickable or Not]]>
    </line>
    <line>
      <![CDATA[Verify Create New Customer Button is Clickable or Not]]>
    </line>
    <line>
      <![CDATA[Enter the value into Customer Name Text Box]]>
    </line>
    <line>
      <![CDATA[-------------Scrolling till the Element------------]]>
    </line>
    <line>
      <![CDATA[Verify Create Customer Button is Clickable or Not]]>
    </line>
    <line>
      <![CDATA[Login To the App]]>
    </line>
    <line>
      <![CDATA[Enter the value into User Name Text Box]]>
    </line>
    <line>
      <![CDATA[Enter the value into Password Text Box]]>
    </line>
    <line>
      <![CDATA[Verify Sign In Button is Clickable or Not]]>
    </line>
    <line>
      <![CDATA[Succesfully Logged In]]>
    </line>
    <line>
      <![CDATA[Verify Task Tab is Clickable or Not]]>
    </line>
    <line>
      <![CDATA[Verify Task Tab is Clickable or Not]]>
    </line>
    <line>
      <![CDATA[Verify Create New Customer Button is Clickable or Not]]>
    </line>
    <line>
      <![CDATA[Enter the value into Customer Name Text Box]]>
    </line>
    <line>
      <![CDATA[-------------Scrolling till the Element------------]]>
    </line>
    <line>
      <![CDATA[Verify Create Customer Button is Clickable or Not]]>
    </line>
  </reporter-output>
  <suite name="Actitime" duration-ms="115495" started-at="2020-10-07T06:05:46Z" finished-at="2020-10-07T06:07:41Z">
    <groups>
    </groups>
    <test name="POC_Test1" duration-ms="115495" started-at="2020-10-07T06:05:46Z" finished-at="2020-10-07T06:07:41Z">
      <class name="com.tyss.acttime.scripts.CreateRequisition">
        <test-method status="PASS" signature="createFiles()[pri:0, instance:com.tyss.acttime.scripts.CreateRequisition@5f16132a]" name="createFiles" is-config="true" duration-ms="666" started-at="2020-10-07T06:05:45Z" finished-at="2020-10-07T06:05:46Z">
          <reporter-output>
          </reporter-output>
        </test-method> <!-- createFiles -->
        <test-method status="PASS" signature="launchApp(java.lang.String)[pri:0, instance:com.tyss.acttime.scripts.CreateRequisition@5f16132a]" name="launchApp" is-config="true" duration-ms="12225" started-at="2020-10-07T06:05:46Z" finished-at="2020-10-07T06:05:58Z">
          <params>
            <param index="0">
              <value>
                <![CDATA[Chrome]]>
              </value>
            </param>
          </params>
          <reporter-output>
          </reporter-output>
        </test-method> <!-- launchApp -->
        <test-method status="PASS" signature="setExtentReport(java.lang.reflect.Method)[pri:0, instance:com.tyss.acttime.scripts.CreateRequisition@5f16132a]" name="setExtentReport" is-config="true" duration-ms="19" started-at="2020-10-07T06:06:00Z" finished-at="2020-10-07T06:06:00Z">
          <params>
            <param index="0">
              <value>
                <![CDATA[public void com.tyss.acttime.scripts.CreateRequisition.createRequisition(java.lang.String) throws java.lang.Exception]]>
              </value>
            </param>
          </params>
          <reporter-output>
          </reporter-output>
        </test-method> <!-- setExtentReport -->
        <test-method status="PASS" signature="createRequisition(java.lang.String)[pri:2, instance:com.tyss.acttime.scripts.CreateRequisition@5f16132a]" name="createRequisition" duration-ms="28575" started-at="2020-10-07T06:06:00Z" description="Create Requisition" data-provider="TestDataProvider" finished-at="2020-10-07T06:06:29Z">
          <params>
            <param index="0">
              <value>
                <![CDATA[Cust9088]]>
              </value>
            </param>
          </params>
          <reporter-output>
            <line>
              <![CDATA[Login To the App]]>
            </line>
            <line>
              <![CDATA[Enter the value into User Name Text Box]]>
            </line>
            <line>
              <![CDATA[Enter the value into Password Text Box]]>
            </line>
            <line>
              <![CDATA[Verify Sign In Button is Clickable or Not]]>
            </line>
            <line>
              <![CDATA[Succesfully Logged In]]>
            </line>
            <line>
              <![CDATA[Verify Task Tab is Clickable or Not]]>
            </line>
            <line>
              <![CDATA[Verify Task Tab is Clickable or Not]]>
            </line>
            <line>
              <![CDATA[Verify Create New Customer Button is Clickable or Not]]>
            </line>
            <line>
              <![CDATA[Enter the value into Customer Name Text Box]]>
            </line>
            <line>
              <![CDATA[-------------Scrolling till the Element------------]]>
            </line>
            <line>
              <![CDATA[Verify Create Customer Button is Clickable or Not]]>
            </line>
          </reporter-output>
        </test-method> <!-- createRequisition -->
        <test-method status="PASS" signature="setExtentReport(java.lang.reflect.Method)[pri:0, instance:com.tyss.acttime.scripts.CreateRequisition@5f16132a]" name="setExtentReport" is-config="true" duration-ms="1" started-at="2020-10-07T06:06:29Z" finished-at="2020-10-07T06:06:29Z">
          <params>
            <param index="0">
              <value>
                <![CDATA[public void com.tyss.acttime.scripts.CreateRequisition.createRequisition(java.lang.String) throws java.lang.Exception]]>
              </value>
            </param>
          </params>
          <reporter-output>
          </reporter-output>
        </test-method> <!-- setExtentReport -->
        <test-method status="PASS" signature="createRequisition(java.lang.String)[pri:2, instance:com.tyss.acttime.scripts.CreateRequisition@5f16132a]" name="createRequisition" duration-ms="28963" started-at="2020-10-07T06:06:29Z" description="Create Requisition" data-provider="TestDataProvider" finished-at="2020-10-07T06:06:58Z">
          <params>
            <param index="0">
              <value>
                <![CDATA[Cust0865]]>
              </value>
            </param>
          </params>
          <reporter-output>
            <line>
              <![CDATA[Login To the App]]>
            </line>
            <line>
              <![CDATA[Enter the value into User Name Text Box]]>
            </line>
            <line>
              <![CDATA[Enter the value into Password Text Box]]>
            </line>
            <line>
              <![CDATA[Verify Sign In Button is Clickable or Not]]>
            </line>
            <line>
              <![CDATA[Succesfully Logged In]]>
            </line>
            <line>
              <![CDATA[Verify Task Tab is Clickable or Not]]>
            </line>
            <line>
              <![CDATA[Verify Task Tab is Clickable or Not]]>
            </line>
            <line>
              <![CDATA[Verify Create New Customer Button is Clickable or Not]]>
            </line>
            <line>
              <![CDATA[Enter the value into Customer Name Text Box]]>
            </line>
            <line>
              <![CDATA[-------------Scrolling till the Element------------]]>
            </line>
            <line>
              <![CDATA[Verify Create Customer Button is Clickable or Not]]>
            </line>
          </reporter-output>
        </test-method> <!-- createRequisition -->
        <test-method status="PASS" signature="setExtentReport(java.lang.reflect.Method)[pri:0, instance:com.tyss.acttime.scripts.CreateRequisition@5f16132a]" name="setExtentReport" is-config="true" duration-ms="1" started-at="2020-10-07T06:06:58Z" finished-at="2020-10-07T06:06:58Z">
          <params>
            <param index="0">
              <value>
                <![CDATA[public void com.tyss.acttime.scripts.CreateRequisition.createRequisition(java.lang.String) throws java.lang.Exception]]>
              </value>
            </param>
          </params>
          <reporter-output>
          </reporter-output>
        </test-method> <!-- setExtentReport -->
        <test-method status="PASS" signature="createRequisition(java.lang.String)[pri:2, instance:com.tyss.acttime.scripts.CreateRequisition@5f16132a]" name="createRequisition" duration-ms="34223" started-at="2020-10-07T06:06:58Z" description="Create Requisition" data-provider="TestDataProvider" finished-at="2020-10-07T06:07:32Z">
          <params>
            <param index="0">
              <value>
                <![CDATA[Cust655]]>
              </value>
            </param>
          </params>
          <reporter-output>
            <line>
              <![CDATA[Login To the App]]>
            </line>
            <line>
              <![CDATA[Enter the value into User Name Text Box]]>
            </line>
            <line>
              <![CDATA[Enter the value into Password Text Box]]>
            </line>
            <line>
              <![CDATA[Verify Sign In Button is Clickable or Not]]>
            </line>
            <line>
              <![CDATA[Succesfully Logged In]]>
            </line>
            <line>
              <![CDATA[Verify Task Tab is Clickable or Not]]>
            </line>
            <line>
              <![CDATA[Verify Task Tab is Clickable or Not]]>
            </line>
            <line>
              <![CDATA[Verify Create New Customer Button is Clickable or Not]]>
            </line>
            <line>
              <![CDATA[Enter the value into Customer Name Text Box]]>
            </line>
            <line>
              <![CDATA[-------------Scrolling till the Element------------]]>
            </line>
            <line>
              <![CDATA[Verify Create Customer Button is Clickable or Not]]>
            </line>
          </reporter-output>
        </test-method> <!-- createRequisition -->
        <test-method status="PASS" signature="closeBrowser()[pri:0, instance:com.tyss.acttime.scripts.CreateRequisition@5f16132a]" name="closeBrowser" is-config="true" duration-ms="8915" started-at="2020-10-07T06:07:32Z" finished-at="2020-10-07T06:07:41Z">
          <reporter-output>
          </reporter-output>
        </test-method> <!-- closeBrowser -->
        <test-method status="PASS" signature="killTask(java.lang.String)[pri:0, instance:com.tyss.acttime.scripts.CreateRequisition@5f16132a]" name="killTask" is-config="true" duration-ms="184" started-at="2020-10-07T06:07:52Z" finished-at="2020-10-07T06:07:52Z">
          <params>
            <param index="0">
              <value>
                <![CDATA[Chrome]]>
              </value>
            </param>
          </params>
          <reporter-output>
          </reporter-output>
        </test-method> <!-- killTask -->
      </class> <!-- com.tyss.acttime.scripts.CreateRequisition -->
    </test> <!-- POC_Test1 -->
  </suite> <!-- Actitime -->
</testng-results>
