<?xml version="1.0" encoding="UTF-8"?>
<!-- Generated by org.testng.reporters.JUnitXMLReporter -->
<testsuite hostname="DESKTOP-T0NFKJO" ignored="4" name="POC_Test1" tests="3" failures="0" timestamp="17 Oct 2020 13:08:40 GMT" time="86.869" errors="0">
  <testcase name="createOneWay" time="16.173" classname="com.tyss.acttime.scripts.OneWayBookTask"/>
  <testcase name="createReturnTrip" time="19.466" classname="com.tyss.acttime.scripts.ReturnTrip"/>
  <testcase name="createMulticityTrip" time="14.371" classname="com.tyss.acttime.scripts.MulticityTrip"/>
  <testcase name="@AfterSuite killTask" time="0.0" classname="com.tyss.acttime.baseutil.BaseTest">
    <ignored/>
  </testcase> <!-- @AfterSuite killTask -->
  <testcase name="@AfterSuite killTask" time="0.0" classname="com.tyss.acttime.baseutil.BaseTest">
    <ignored/>
  </testcase> <!-- @AfterSuite killTask -->
  <testcase name="@BeforeSuite createFiles" time="0.0" classname="com.tyss.acttime.baseutil.BaseTest">
    <ignored/>
  </testcase> <!-- @BeforeSuite createFiles -->
  <testcase name="@BeforeSuite createFiles" time="0.0" classname="com.tyss.acttime.baseutil.BaseTest">
    <ignored/>
  </testcase> <!-- @BeforeSuite createFiles -->
</testsuite> <!-- POC_Test1 -->
