<?xml version="1.0" encoding="UTF-8"?>
<!-- Generated by org.testng.reporters.JUnitXMLReporter -->
<testsuite hostname="LAPTOP-DUI2CR0P" ignored="0" name="POC_Test1" tests="3" failures="0" timestamp="01 Oct 2020 11:24:51 GMT" time="61.987" errors="0">
  <testcase name="createRequisition" time="17.093" classname="com.tyss.acttime.scripts.CreateRequisition"/>
  <testcase name="createRequisition" time="13.557" classname="com.tyss.acttime.scripts.CreateRequisition"/>
  <testcase name="createRequisition" time="11.005" classname="com.tyss.acttime.scripts.CreateRequisition"/>
</testsuite> <!-- POC_Test1 -->
